<?xml version="1.0" encoding="UTF-8"?>
<!-- Generated by org.testng.reporters.JUnitReportReporter -->
<testsuite hostname="LP-33LW8Y2" failures="0" tests="1" name="scripts.orderedlist" time="38.735" errors="0" timestamp="2022-01-08T23:30:37 IST" skipped="0">
  <testcase classname="scripts.orderedlist" name="testingorderedlist" time="38.735"/>
  <system-out/>
</testsuite> <!-- scripts.orderedlist -->
