<?xml version="1.0" encoding="UTF-8"?>
<!-- Generated by org.testng.reporters.JUnitReportReporter -->
<testsuite hostname="LP-33LW8Y2" failures="0" tests="1" name="scripts.waitstatments" time="52.223" errors="0" timestamp="2022-01-13T15:46:38 IST" skipped="0">
  <testcase classname="scripts.waitstatments" name="testingimplicity" time="52.223"/>
  <system-out/>
</testsuite> <!-- scripts.waitstatments -->
