<?xml version="1.0" encoding="UTF-8"?>
<!-- Generated by org.testng.reporters.JUnitReportReporter -->
<testsuite hostname="LP-33LW8Y2" failures="0" tests="1" name="scripts.robotscreenshot" time="35.673" errors="0" timestamp="2022-01-11T13:42:36 IST" skipped="0">
  <testcase classname="scripts.robotscreenshot" name="testingrobotscreenshot" time="35.673"/>
  <system-out/>
</testsuite> <!-- scripts.robotscreenshot -->
