<?xml version="1.0" encoding="UTF-8"?>
<!-- Generated by org.testng.reporters.JUnitReportReporter -->
<testsuite hostname="LP-33LW8Y2" failures="0" tests="2" name="scripts.unorderlist" time="57.861" errors="0" timestamp="2022-01-11T22:58:45 IST" skipped="1">
  <testcase classname="scripts.unorderlist" name="testingunorderedlist" time="57.861"/>
  <system-out/>
  <testcase classname="scripts.unorderlist" name="automationTest_selectable_unorderedlist">
    <skipped/>
  </testcase> <!-- automationTest_selectable_unorderedlist -->
  <system-out/>
</testsuite> <!-- scripts.unorderlist -->
