<?xml version="1.0" encoding="UTF-8"?>
<!-- Generated by org.testng.reporters.JUnitReportReporter -->
<testsuite hostname="LP-33LW8Y2" failures="0" tests="1" name="scripts.commands" time="15.435" errors="0" timestamp="2022-01-05T12:50:15 IST" skipped="0">
  <testcase classname="scripts.commands" name="testingbasiccommads" time="15.435"/>
  <system-out/>
</testsuite> <!-- scripts.commands -->
